0 info it worked if it ends with ok
1 verbose cli [ '/usr/bin/node', '/usr/bin/npm', 'run', 'babel-node' ]
2 info using npm@3.5.2
3 info using node@v8.10.0
4 verbose run-script [ 'prebabel-node', 'babel-node', 'postbabel-node' ]
5 info lifecycle rest-api-nodejs-es6@1.0.0~prebabel-node: rest-api-nodejs-es6@1.0.0
6 silly lifecycle rest-api-nodejs-es6@1.0.0~prebabel-node: no script for prebabel-node, continuing
7 info lifecycle rest-api-nodejs-es6@1.0.0~babel-node: rest-api-nodejs-es6@1.0.0
8 verbose lifecycle rest-api-nodejs-es6@1.0.0~babel-node: unsafe-perm in lifecycle true
9 verbose lifecycle rest-api-nodejs-es6@1.0.0~babel-node: PATH: /usr/share/npm/bin/node-gyp-bin:/home/nico/Documentos/PROYECTO FINAL/backend-petship/node_modules/.bin:/home/nico/Documentos/PROYECTO FINAL/backend-petship/node_modules/.bin:/usr/share/npm/bin/node-gyp-bin:/home/nico/Documentos/PROYECTO FINAL/backend-petship/node_modules/.bin:/usr/local/sbin:/usr/local/bin:/usr/sbin:/usr/bin:/sbin:/bin:/usr/games:/usr/local/games:/snap/bin
10 verbose lifecycle rest-api-nodejs-es6@1.0.0~babel-node: CWD: /home/nico/Documentos/PROYECTO FINAL/backend-petship
11 silly lifecycle rest-api-nodejs-es6@1.0.0~babel-node: Args: [ '-c', 'babel-node src/index.js' ]
12 silly lifecycle rest-api-nodejs-es6@1.0.0~babel-node: Returned: code: 2  signal: null
13 info lifecycle rest-api-nodejs-es6@1.0.0~babel-node: Failed to exec babel-node script
14 verbose stack Error: rest-api-nodejs-es6@1.0.0 babel-node: `babel-node src/index.js`
14 verbose stack Exit status 2
14 verbose stack     at EventEmitter.<anonymous> (/usr/share/npm/lib/utils/lifecycle.js:232:16)
14 verbose stack     at emitTwo (events.js:126:13)
14 verbose stack     at EventEmitter.emit (events.js:214:7)
14 verbose stack     at ChildProcess.<anonymous> (/usr/share/npm/lib/utils/spawn.js:24:14)
14 verbose stack     at emitTwo (events.js:126:13)
14 verbose stack     at ChildProcess.emit (events.js:214:7)
14 verbose stack     at maybeClose (internal/child_process.js:925:16)
14 verbose stack     at Process.ChildProcess._handle.onexit (internal/child_process.js:209:5)
15 verbose pkgid rest-api-nodejs-es6@1.0.0
16 verbose cwd /home/nico/Documentos/PROYECTO FINAL/backend-petship
17 error Linux 4.15.0-65-generic
18 error argv "/usr/bin/node" "/usr/bin/npm" "run" "babel-node"
19 error node v8.10.0
20 error npm  v3.5.2
21 error code ELIFECYCLE
22 error rest-api-nodejs-es6@1.0.0 babel-node: `babel-node src/index.js`
22 error Exit status 2
23 error Failed at the rest-api-nodejs-es6@1.0.0 babel-node script 'babel-node src/index.js'.
23 error Make sure you have the latest version of node.js and npm installed.
23 error If you do, this is most likely a problem with the rest-api-nodejs-es6 package,
23 error not with npm itself.
23 error Tell the author that this fails on your system:
23 error     babel-node src/index.js
23 error You can get information on how to open an issue for this project with:
23 error     npm bugs rest-api-nodejs-es6
23 error Or if that isn't available, you can get their info via:
23 error     npm owner ls rest-api-nodejs-es6
23 error There is likely additional logging output above.
24 verbose exit [ 1, true ]
